<?xml version="1.0" encoding="UTF-8"?>
<!-- Generated by org.testng.reporters.JUnitReportReporter -->
<testsuite hostname="LAPTOP-50EOP4VT" failures="0" tests="1" name="test1.TC0001_RegisterTest" time="7.820" errors="0" timestamp="2023-11-10T15:52:47 IST" skipped="0">
  <testcase classname="test1.TC0001_RegisterTest" name="Register" time="7.820"/>
</testsuite> <!-- test1.TC0001_RegisterTest -->
